#
# There is insufficient memory for the Java Runtime Environment to continue.
# Native memory allocation (malloc) failed to allocate 494048 bytes for Chunk::new
# Possible reasons:
#   The system is out of physical RAM or swap space
#   In 32 bit mode, the process size limit was hit
# Possible solutions:
#   Reduce memory load on the system
#   Increase physical memory or swap space
#   Check if swap backing store is full
#   Use 64 bit Java on a 64 bit OS
#   Decrease Java heap size (-Xmx/-Xms)
#   Decrease number of Java threads
#   Decrease Java thread stack sizes (-Xss)
#   Set larger code cache with -XX:ReservedCodeCacheSize=
# This output file may be truncated or incomplete.
#
#  Out of Memory Error (allocation.cpp:390), pid=9256, tid=0x000000000000157c
#
# JRE version: Java(TM) SE Runtime Environment (8.0_141-b15) (build 1.8.0_141-b15)
# Java VM: Java HotSpot(TM) 64-Bit Server VM (25.141-b15 mixed mode windows-amd64 compressed oops)
# Failed to write core dump. Minidumps are not enabled by default on client versions of Windows
#

---------------  T H R E A D  ---------------

Current thread (0x0000000018c0b000):  JavaThread "C2 CompilerThread0" daemon [_thread_in_native, id=5500, stack(0x00000000189b0000,0x0000000018ab0000)]

Stack: [0x00000000189b0000,0x0000000018ab0000]
[error occurred during error reporting (printing stack bounds), id 0xc0000005]

Native frames: (J=compiled Java code, j=interpreted, Vv=VM code, C=native code)


Current CompileTask:
C2:   1457 1246   !   4       java.lang.ClassLoader::loadClass (122 bytes)


---------------  P R O C E S S  ---------------

Java Threads: ( => current thread )
  0x0000000018c9b000 JavaThread "Service Thread" daemon [_thread_blocked, id=6516, stack(0x0000000019890000,0x0000000019990000)]
  0x0000000018c70000 JavaThread "C1 CompilerThread2" daemon [_thread_in_native, id=5272, stack(0x00000000192d0000,0x00000000193d0000)]
  0x0000000018c0c800 JavaThread "C2 CompilerThread1" daemon [_thread_in_native, id=2648, stack(0x0000000019510000,0x0000000019610000)]
=>0x0000000018c0b000 JavaThread "C2 CompilerThread0" daemon [_thread_in_native, id=5500, stack(0x00000000189b0000,0x0000000018ab0000)]
  0x0000000018c07800 JavaThread "Monitor Ctrl-Break" daemon [_thread_in_native, id=3380, stack(0x00000000193f0000,0x00000000194f0000)]
  0x00000000176de800 JavaThread "Attach Listener" daemon [_thread_blocked, id=6784, stack(0x00000000191a0000,0x00000000192a0000)]
  0x00000000176ce000 JavaThread "Signal Dispatcher" daemon [_thread_blocked, id=6972, stack(0x0000000018fd0000,0x00000000190d0000)]
  0x00000000176b9800 JavaThread "Finalizer" daemon [_thread_blocked, id=6796, stack(0x0000000018ac0000,0x0000000018bc0000)]
  0x0000000017672800 JavaThread "Reference Handler" daemon [_thread_blocked, id=5148, stack(0x00000000188a0000,0x00000000189a0000)]
  0x00000000024e8000 JavaThread "main" [_thread_in_vm, id=8540, stack(0x0000000002830000,0x0000000002930000)]

Other Threads:
  0x000000001766b000 VMThread [stack: 0x00000000186d0000,0x00000000187d0000] [id=9704]
  0x0000000018ca0000 WatcherThread [stack: 0x00000000199a0000,0x0000000019aa0000] [id=1832]

VM state:not at safepoint (normal execution)

VM Mutex/Monitor currently owned by a thread:  ([mutex/lock_event])
[0x000000000265d1b0] CompiledIC_lock - owner thread: 0x0000000018c70000

Heap:
 PSYoungGen      total 37888K, used 5865K [0x00000000d6000000, 0x00000000d9100000, 0x0000000100000000)
  eden space 32768K, 2% used [0x00000000d6000000,0x00000000d60c1b28,0x00000000d8000000)
  from space 5120K, 99% used [0x00000000d8000000,0x00000000d84f8b50,0x00000000d8500000)
  to   space 5120K, 0% used [0x00000000d8c00000,0x00000000d8c00000,0x00000000d9100000)
 ParOldGen       total 64000K, used 3671K [0x0000000082000000, 0x0000000085e80000, 0x00000000d6000000)
  object space 64000K, 5% used [0x0000000082000000,0x0000000082395eb8,0x0000000085e80000)
 Metaspace       used 13623K, capacity 13920K, committed 14208K, reserved 1062912K
  class space    used 1709K, capacity 1802K, committed 1920K, reserved 1048576K

Card table byte_map: [0x0000000011cf0000,0x00000000120f0000] byte_map_base: 0x00000000118e0000

Marking Bits: (ParMarkBitMap*) 0x0000000053e1d850
 Begin Bits: [0x00000000129f0000, 0x0000000014970000)
 End Bits:   [0x0000000014970000, 0x00000000168f0000)

Polling page: 0x0000000000430000

CodeCache: size=245760Kb used=4913Kb max_used=4913Kb free=240846Kb
 bounds [0x0000000002930000, 0x0000000002e00000, 0x0000000011930000]
 total_blobs=1733 nmethods=1383 adapters=262
 compilation: disabled (not enough contiguous free space left)

Compilation events (10 events):
Event: 1.453 Thread 0x0000000018c70000 nmethod 1380 0x0000000002dfa9d0 code [0x0000000002dfabc0, 0x0000000002dfb548]
Event: 1.453 Thread 0x0000000018c70000 1381       3       com.google.common.cache.LocalCache$LoadingValueReference::notifyNewValue (21 bytes)
Event: 1.454 Thread 0x0000000018c70000 nmethod 1381 0x0000000002dfb8d0 code [0x0000000002dfba60, 0x0000000002dfbe08]
Event: 1.454 Thread 0x0000000018c70000 1382       3       com.google.common.collect.AbstractSetMultimap::get (6 bytes)
Event: 1.454 Thread 0x0000000018c70000 nmethod 1382 0x0000000002dfbf90 code [0x0000000002dfc100, 0x0000000002dfc308]
Event: 1.454 Thread 0x0000000018c70000 1383       3       com.google.common.collect.LinkedHashMultimap::get (6 bytes)
Event: 1.454 Thread 0x0000000018c70000 nmethod 1383 0x0000000002dfc390 code [0x0000000002dfc560, 0x0000000002dfcdc8]
Event: 1.454 Thread 0x0000000018c70000 1384       3       com.google.common.collect.AbstractSetMultimap::get (9 bytes)
Event: 1.454 Thread 0x0000000018c70000 nmethod 1384 0x0000000002dfd1d0 code [0x0000000002dfd380, 0x0000000002dfdb48]
Event: 1.455 Thread 0x0000000018c70000 1385   !   3       com.google.common.cache.LocalCache$LoadingValueReference::loadFuture (125 bytes)

GC Heap History (8 events):
Event: 0.597 GC heap before
{Heap before GC invocations=1 (full 0):
 PSYoungGen      total 37888K, used 17733K [0x00000000d6000000, 0x00000000d8a00000, 0x0000000100000000)
  eden space 32768K, 54% used [0x00000000d6000000,0x00000000d71516c0,0x00000000d8000000)
  from space 5120K, 0% used [0x00000000d8500000,0x00000000d8500000,0x00000000d8a00000)
  to   space 5120K, 0% used [0x00000000d8000000,0x00000000d8000000,0x00000000d8500000)
 ParOldGen       total 86016K, used 0K [0x0000000082000000, 0x0000000087400000, 0x00000000d6000000)
  object space 86016K, 0% used [0x0000000082000000,0x0000000082000000,0x0000000087400000)
 Metaspace       used 7064K, capacity 7240K, committed 7296K, reserved 1060864K
  class space    used 787K, capacity 860K, committed 896K, reserved 1048576K
Event: 0.602 GC heap after
Heap after GC invocations=1 (full 0):
 PSYoungGen      total 37888K, used 3325K [0x00000000d6000000, 0x00000000d8a00000, 0x0000000100000000)
  eden space 32768K, 0% used [0x00000000d6000000,0x00000000d6000000,0x00000000d8000000)
  from space 5120K, 64% used [0x00000000d8000000,0x00000000d833f668,0x00000000d8500000)
  to   space 5120K, 0% used [0x00000000d8500000,0x00000000d8500000,0x00000000d8a00000)
 ParOldGen       total 86016K, used 8K [0x0000000082000000, 0x0000000087400000, 0x00000000d6000000)
  object space 86016K, 0% used [0x0000000082000000,0x0000000082002000,0x0000000087400000)
 Metaspace       used 7064K, capacity 7240K, committed 7296K, reserved 1060864K
  class space    used 787K, capacity 860K, committed 896K, reserved 1048576K
}
Event: 0.602 GC heap before
{Heap before GC invocations=2 (full 1):
 PSYoungGen      total 37888K, used 3325K [0x00000000d6000000, 0x00000000d8a00000, 0x0000000100000000)
  eden space 32768K, 0% used [0x00000000d6000000,0x00000000d6000000,0x00000000d8000000)
  from space 5120K, 64% used [0x00000000d8000000,0x00000000d833f668,0x00000000d8500000)
  to   space 5120K, 0% used [0x00000000d8500000,0x00000000d8500000,0x00000000d8a00000)
 ParOldGen       total 86016K, used 8K [0x0000000082000000, 0x0000000087400000, 0x00000000d6000000)
  object space 86016K, 0% used [0x0000000082000000,0x0000000082002000,0x0000000087400000)
 Metaspace       used 7064K, capacity 7240K, committed 7296K, reserved 1060864K
  class space    used 787K, capacity 860K, committed 896K, reserved 1048576K
Event: 0.630 GC heap after
Heap after GC invocations=2 (full 1):
 PSYoungGen      total 37888K, used 0K [0x00000000d6000000, 0x00000000d8a00000, 0x0000000100000000)
  eden space 32768K, 0% used [0x00000000d6000000,0x00000000d6000000,0x00000000d8000000)
  from space 5120K, 0% used [0x00000000d8000000,0x00000000d8000000,0x00000000d8500000)
  to   space 5120K, 0% used [0x00000000d8500000,0x00000000d8500000,0x00000000d8a00000)
 ParOldGen       total 64000K, used 3175K [0x0000000082000000, 0x0000000085e80000, 0x00000000d6000000)
  object space 64000K, 4% used [0x0000000082000000,0x0000000082319c00,0x0000000085e80000)
 Metaspace       used 7064K, capacity 7240K, committed 7296K, reserved 1058816K
  class space    used 787K, capacity 860K, committed 896K, reserved 1048576K
}
Event: 1.032 GC heap before
{Heap before GC invocations=3 (full 1):
 PSYoungGen      total 37888K, used 32768K [0x00000000d6000000, 0x00000000d8a00000, 0x0000000100000000)
  eden space 32768K, 100% used [0x00000000d6000000,0x00000000d8000000,0x00000000d8000000)
  from space 5120K, 0% used [0x00000000d8000000,0x00000000d8000000,0x00000000d8500000)
  to   space 5120K, 0% used [0x00000000d8500000,0x00000000d8500000,0x00000000d8a00000)
 ParOldGen       total 64000K, used 3175K [0x0000000082000000, 0x0000000085e80000, 0x00000000d6000000)
  object space 64000K, 4% used [0x0000000082000000,0x0000000082319c00,0x0000000085e80000)
 Metaspace       used 10110K, capacity 10292K, committed 10496K, reserved 1060864K
  class space    used 1215K, capacity 1278K, committed 1280K, reserved 1048576K
Event: 1.034 GC heap after
Heap after GC invocations=3 (full 1):
 PSYoungGen      total 37888K, used 4050K [0x00000000d6000000, 0x00000000d8f00000, 0x0000000100000000)
  eden space 32768K, 0% used [0x00000000d6000000,0x00000000d6000000,0x00000000d8000000)
  from space 5120K, 79% used [0x00000000d8500000,0x00000000d88f4a78,0x00000000d8a00000)
  to   space 5120K, 0% used [0x00000000d8000000,0x00000000d8000000,0x00000000d8500000)
 ParOldGen       total 64000K, used 3183K [0x0000000082000000, 0x0000000085e80000, 0x00000000d6000000)
  object space 64000K, 4% used [0x0000000082000000,0x000000008231bc00,0x0000000085e80000)
 Metaspace       used 10110K, capacity 10292K, committed 10496K, reserved 1060864K
  class space    used 1215K, capacity 1278K, committed 1280K, reserved 1048576K
}
Event: 1.433 GC heap before
{Heap before GC invocations=4 (full 1):
 PSYoungGen      total 37888K, used 36818K [0x00000000d6000000, 0x00000000d8f00000, 0x0000000100000000)
  eden space 32768K, 100% used [0x00000000d6000000,0x00000000d8000000,0x00000000d8000000)
  from space 5120K, 79% used [0x00000000d8500000,0x00000000d88f4a78,0x00000000d8a00000)
  to   space 5120K, 0% used [0x00000000d8000000,0x00000000d8000000,0x00000000d8500000)
 ParOldGen       total 64000K, used 3183K [0x0000000082000000, 0x0000000085e80000, 0x00000000d6000000)
  object space 64000K, 4% used [0x0000000082000000,0x000000008231bc00,0x0000000085e80000)
 Metaspace       used 13560K, capacity 13856K, committed 14208K, reserved 1062912K
  class space    used 1705K, capacity 1802K, committed 1920K, reserved 1048576K
Event: 1.440 GC heap after
Heap after GC invocations=4 (full 1):
 PSYoungGen      total 37888K, used 5090K [0x00000000d6000000, 0x00000000d9100000, 0x0000000100000000)
  eden space 32768K, 0% used [0x00000000d6000000,0x00000000d6000000,0x00000000d8000000)
  from space 5120K, 99% used [0x00000000d8000000,0x00000000d84f8b50,0x00000000d8500000)
  to   space 5120K, 0% used [0x00000000d8c00000,0x00000000d8c00000,0x00000000d9100000)
 ParOldGen       total 64000K, used 3671K [0x0000000082000000, 0x0000000085e80000, 0x00000000d6000000)
  object space 64000K, 5% used [0x0000000082000000,0x0000000082395eb8,0x0000000085e80000)
 Metaspace       used 13560K, capacity 13856K, committed 14208K, reserved 1062912K
  class space    used 1705K, capacity 1802K, committed 1920K, reserved 1048576K
}

Deoptimization events (10 events):
Event: 0.775 Thread 0x00000000024e8000 Uncommon trap: reason=unstable_if action=reinterpret pc=0x0000000002bbbd94 method=java.nio.charset.CoderResult.isOverflow()Z @ 5
Event: 0.804 Thread 0x00000000024e8000 Uncommon trap: reason=unstable_if action=reinterpret pc=0x0000000002befd6c method=java.nio.charset.CharsetDecoder.decode(Ljava/nio/ByteBuffer;Ljava/nio/CharBuffer;Z)Ljava/nio/charset/CoderResult; @ 15
Event: 0.806 Thread 0x00000000024e8000 Uncommon trap: reason=unstable_if action=reinterpret pc=0x0000000002bf8828 method=java.nio.charset.CoderResult.isOverflow()Z @ 5
Event: 0.857 Thread 0x00000000024e8000 Uncommon trap: reason=unstable_if action=reinterpret pc=0x0000000002c11974 method=java.io.Reader.read()I @ 12
Event: 0.977 Thread 0x00000000024e8000 Uncommon trap: reason=range_check action=make_not_entrant pc=0x0000000002c33560 method=sun.reflect.generics.parser.SignatureParser.current()C @ 34
Event: 1.015 Thread 0x00000000024e8000 Uncommon trap: reason=bimorphic action=maybe_recompile pc=0x0000000002c85fb4 method=java.util.HashMap.putVal(ILjava/lang/Object;Ljava/lang/Object;ZZ)Ljava/lang/Object; @ 203
Event: 1.333 Thread 0x00000000024e8000 Uncommon trap: reason=bimorphic action=maybe_recompile pc=0x0000000002c85fb4 method=java.util.HashMap.putVal(ILjava/lang/Object;Ljava/lang/Object;ZZ)Ljava/lang/Object; @ 203
Event: 1.333 Thread 0x00000000024e8000 Uncommon trap: reason=bimorphic action=maybe_recompile pc=0x0000000002c85fb4 method=java.util.HashMap.putVal(ILjava/lang/Object;Ljava/lang/Object;ZZ)Ljava/lang/Object; @ 203
Event: 1.403 Thread 0x00000000024e8000 Uncommon trap: reason=bimorphic action=maybe_recompile pc=0x0000000002c85fb4 method=java.util.HashMap.putVal(ILjava/lang/Object;Ljava/lang/Object;ZZ)Ljava/lang/Object; @ 203
Event: 1.403 Thread 0x00000000024e8000 Uncommon trap: reason=bimorphic action=maybe_recompile pc=0x0000000002c776d8 method=java.util.HashMap.putVal(ILjava/lang/Object;Ljava/lang/Object;ZZ)Ljava/lang/Object; @ 203

Internal exceptions (10 events):
Event: 0.758 Thread 0x00000000024e8000 Exception <a 'java/lang/ArrayIndexOutOfBoundsException'> (0x00000000d685f9e0) thrown at [C:\re\workspace\8-2-build-windows-amd64-cygwin\jdk8u141\9370\hotspot\src\share\vm\runtime\sharedRuntime.cpp, line 605]
Event: 0.884 Thread 0x00000000024e8000 Exception <a 'java/lang/ArrayIndexOutOfBoundsException'> (0x00000000d737c758) thrown at [C:\re\workspace\8-2-build-windows-amd64-cygwin\jdk8u141\9370\hotspot\src\share\vm\runtime\sharedRuntime.cpp, line 605]
Event: 0.885 Thread 0x00000000024e8000 Exception <a 'java/lang/ArrayIndexOutOfBoundsException'> (0x00000000d73810a0) thrown at [C:\re\workspace\8-2-build-windows-amd64-cygwin\jdk8u141\9370\hotspot\src\share\vm\runtime\sharedRuntime.cpp, line 605]
Event: 0.944 Thread 0x00000000024e8000 Exception <a 'java/lang/ArrayIndexOutOfBoundsException'> (0x00000000d7625a38) thrown at [C:\re\workspace\8-2-build-windows-amd64-cygwin\jdk8u141\9370\hotspot\src\share\vm\runtime\sharedRuntime.cpp, line 605]
Event: 0.958 Thread 0x00000000024e8000 Exception <a 'java/lang/ArrayIndexOutOfBoundsException'> (0x00000000d774b258) thrown at [C:\re\workspace\8-2-build-windows-amd64-cygwin\jdk8u141\9370\hotspot\src\share\vm\runtime\sharedRuntime.cpp, line 605]
Event: 0.977 Thread 0x00000000024e8000 Exception <a 'java/lang/ArrayIndexOutOfBoundsException': 85> (0x00000000d793e380) thrown at [C:\re\workspace\8-2-build-windows-amd64-cygwin\jdk8u141\9370\hotspot\src\share\vm\interpreter\interpreterRuntime.cpp, line 366]
Event: 0.977 Thread 0x00000000024e8000 Exception <a 'java/lang/ArrayIndexOutOfBoundsException': 40> (0x00000000d793f200) thrown at [C:\re\workspace\8-2-build-windows-amd64-cygwin\jdk8u141\9370\hotspot\src\share\vm\interpreter\interpreterRuntime.cpp, line 366]
Event: 1.397 Thread 0x00000000024e8000 Exception <a 'java/lang/NoClassDefFoundError': com/google/inject/servlet/ServletModuleTargetVisitor> (0x00000000d7eb0f38) thrown at [C:\re\workspace\8-2-build-windows-amd64-cygwin\jdk8u141\9370\hotspot\src\share\vm\classfile\systemDictionary.cpp, line 199
Event: 1.397 Thread 0x00000000024e8000 Exception <a 'java/lang/NoClassDefFoundError'> (0x00000000d7eb0f38) thrown at [C:\re\workspace\8-2-build-windows-amd64-cygwin\jdk8u141\9370\hotspot\src\share\vm\prims\jvm.cpp, line 1394]
Event: 1.397 Thread 0x00000000024e8000 Exception <a 'java/lang/NoClassDefFoundError': javax/annotation/Priority> (0x00000000d7eb5da0) thrown at [C:\re\workspace\8-2-build-windows-amd64-cygwin\jdk8u141\9370\hotspot\src\share\vm\classfile\systemDictionary.cpp, line 199]

Events (10 events):
Event: 1.444 loading class java/util/concurrent/ExecutorService
Event: 1.444 loading class java/util/concurrent/ExecutorService done
Event: 1.444 loading class java/util/concurrent/AbstractExecutorService done
Event: 1.444 loading class java/util/concurrent/ThreadPoolExecutor done
Event: 1.444 loading class java/util/concurrent/ThreadPoolExecutor$AbortPolicy
Event: 1.444 loading class java/util/concurrent/RejectedExecutionHandler
Event: 1.444 loading class java/util/concurrent/RejectedExecutionHandler done
Event: 1.444 loading class java/util/concurrent/ThreadPoolExecutor$AbortPolicy done
Event: 1.444 loading class org/apache/maven/artifact/resolver/DefaultArtifactResolver$DaemonThreadCreator
Event: 1.444 loading class org/apache/maven/artifact/resolver/DefaultArtifactResolver$DaemonThreadCreator done


Dynamic libraries:
0x000000013fb10000 - 0x000000013fb47000 	C:\Program Files\Java\jdk1.8.0_141\bin\java.exe
0x0000000077330000 - 0x00000000774db000 	C:\Windows\SYSTEM32\ntdll.dll
0x0000000077110000 - 0x000000007722f000 	C:\Windows\system32\kernel32.dll
0x000007fefd5b0000 - 0x000007fefd61b000 	C:\Windows\system32\KERNELBASE.dll
0x000007fefdf50000 - 0x000007fefe02b000 	C:\Windows\system32\ADVAPI32.dll
0x000007feff130000 - 0x000007feff1cf000 	C:\Windows\system32\msvcrt.dll
0x000007feff620000 - 0x000007feff63f000 	C:\Windows\SYSTEM32\sechost.dll
0x000007fefd890000 - 0x000007fefd9be000 	C:\Windows\system32\RPCRT4.dll
0x0000000077230000 - 0x000000007732a000 	C:\Windows\system32\USER32.dll
0x000007feff350000 - 0x000007feff3b7000 	C:\Windows\system32\GDI32.dll
0x000007fefe330000 - 0x000007fefe33e000 	C:\Windows\system32\LPK.dll
0x000007feff550000 - 0x000007feff61a000 	C:\Windows\system32\USP10.dll
0x000007fefbef0000 - 0x000007fefc0e4000 	C:\Windows\WinSxS\amd64_microsoft.windows.common-controls_6595b64144ccf1df_6.0.7600.16661_none_fa62ad231704eab7\COMCTL32.dll
0x000007fefd9c0000 - 0x000007fefda31000 	C:\Windows\system32\SHLWAPI.dll
0x000007feff100000 - 0x000007feff12e000 	C:\Windows\system32\IMM32.DLL
0x000007feff440000 - 0x000007feff549000 	C:\Windows\system32\MSCTF.dll
0x0000000055e20000 - 0x0000000055ef2000 	C:\Program Files\Java\jdk1.8.0_141\jre\bin\msvcr100.dll
0x0000000053600000 - 0x0000000053e9d000 	C:\Program Files\Java\jdk1.8.0_141\jre\bin\server\jvm.dll
0x000007fef8230000 - 0x000007fef8239000 	C:\Windows\system32\WSOCK32.dll
0x000007fefe2e0000 - 0x000007fefe32d000 	C:\Windows\system32\WS2_32.dll
0x000007feff0f0000 - 0x000007feff0f8000 	C:\Windows\system32\NSI.dll
0x000007fefb1f0000 - 0x000007fefb22b000 	C:\Windows\system32\WINMM.dll
0x000007fefbee0000 - 0x000007fefbeec000 	C:\Windows\system32\VERSION.dll
0x0000000077500000 - 0x0000000077507000 	C:\Windows\system32\PSAPI.DLL
0x0000000073700000 - 0x000000007370f000 	C:\Program Files\Java\jdk1.8.0_141\jre\bin\verify.dll
0x000000006bd30000 - 0x000000006bd59000 	C:\Program Files\Java\jdk1.8.0_141\jre\bin\java.dll
0x000000006bc40000 - 0x000000006bc63000 	C:\Program Files\Java\jdk1.8.0_141\jre\bin\instrument.dll
0x000000006bd10000 - 0x000000006bd26000 	C:\Program Files\Java\jdk1.8.0_141\jre\bin\zip.dll
0x000007fefe360000 - 0x000007feff0e6000 	C:\Windows\system32\SHELL32.dll
0x000007fefe0d0000 - 0x000007fefe2d2000 	C:\Windows\system32\ole32.dll
0x000007fefd290000 - 0x000007fefd29f000 	C:\Windows\system32\profapi.dll
0x000007feeb450000 - 0x000007feeb46a000 	E:\idea2018\bin\breakgen64.dll
0x000000006bcf0000 - 0x000000006bd0a000 	C:\Program Files\Java\jdk1.8.0_141\jre\bin\net.dll
0x000007fefcac0000 - 0x000007fefcb14000 	C:\Windows\system32\mswsock.dll
0x000007fefcab0000 - 0x000007fefcab7000 	C:\Windows\System32\wship6.dll
0x000007fefcb20000 - 0x000007fefcb37000 	C:\Windows\system32\CRYPTSP.dll
0x000007fefc820000 - 0x000007fefc867000 	C:\Windows\system32\rsaenh.dll
0x000007fefc5d0000 - 0x000007fefc5ee000 	C:\Windows\system32\USERENV.dll
0x000007fefd180000 - 0x000007fefd18f000 	C:\Windows\system32\CRYPTBASE.dll
0x000007fefac70000 - 0x000007fefac97000 	C:\Windows\system32\IPHLPAPI.DLL
0x000007fefac60000 - 0x000007fefac6b000 	C:\Windows\system32\WINNSI.DLL
0x000007fefad00000 - 0x000007fefad11000 	C:\Windows\system32\dhcpcsvc6.DLL
0x000007fefaca0000 - 0x000007fefacb8000 	C:\Windows\system32\dhcpcsvc.DLL
0x000000006bcd0000 - 0x000000006bce1000 	C:\Program Files\Java\jdk1.8.0_141\jre\bin\nio.dll
0x000007feeb440000 - 0x000007feeb44a000 	C:\Users\揭志军\AppData\Local\Temp\jansi-1.17.1-7914854895958270070.dll
0x000007feea5c0000 - 0x000007feea5ca000 	C:\Users\揭志军\AppData\Local\Temp\jansi-1.17.1-8768046187449850931.dll

VM Arguments:
jvm_args: -Dmaven.multiModuleProjectDirectory=C:\Users\揭志军\Desktop\SSM框架基础 -Dmaven.home=D:\maven\apache-maven-3.6.0 -Dclassworlds.conf=D:\maven\apache-maven-3.6.0\bin\m2.conf -javaagent:E:\idea2018\lib\idea_rt.jar=13812:E:\idea2018\bin -Dfile.encoding=UTF-8 
java_command: org.codehaus.classworlds.Launcher -Didea.version=2018.2.5 install
java_class_path (initial): D:\maven\apache-maven-3.6.0\boot\plexus-classworlds-2.5.2.jar;E:\idea2018\lib\idea_rt.jar
Launcher Type: SUN_STANDARD

Environment Variables:
JAVA_HOME=C:\Program Files\Java\jdk1.8.0_141
CLASSPATH=.;C:\Program Files\Java\jdk1.8.0_141\lib\dt.jar;C:\Program Files\Java\jdk1.8.0_141\lib\tools.jar;
PATH=C:\Windows\system32;C:\Windows;C:\Windows\System32\Wbem;C:\Windows\System32\WindowsPowerShell\v1.0\;C:\Program Files\Java\jdk1.8.0_141\bin;C:\Program Files\Java\jdk1.8.0_141\jre\bin;D:\Program Files (x86)\Microsoft SQL Server\100\Tools\Binn\;D:\Program Files\Microsoft SQL Server\100\Tools\Binn\;D:\Program Files\Microsoft SQL Server\100\DTS\Binn\;D:\Program Files (x86)\Microsoft SQL Server\100\Tools\Binn\VSShell\Common7\IDE\;C:\Program Files (x86)\Microsoft Visual Studio 9.0\Common7\IDE\PrivateAssemblies\;D:\Program Files (x86)\Microsoft SQL Server\100\DTS\Binn\;C:\Program Files\TortoiseSVN\bin;D:\MySQL Server 5.5\bin;D:\maven\apache-maven-3.6.0\bin;C:\Program Files\Microsoft VS Code Insiders\bin
USERNAME=揭志军
OS=Windows_NT
PROCESSOR_IDENTIFIER=Intel64 Family 6 Model 60 Stepping 3, GenuineIntel



---------------  S Y S T E M  ---------------

OS: Windows 7 , 64 bit Build 7600 (6.1.7600.16385)

CPU:total 4 (initial active 4) (2 cores per cpu, 2 threads per core) family 6 model 60 stepping 3, cmov, cx8, fxsr, mmx, sse, sse2, sse3, ssse3, sse4.1, sse4.2, popcnt, aes, clmul, erms, lzcnt, ht, tsc, tscinvbit, bmi1, bmi2

Memory: 4k page, physical 8256492k(982988k free), swap 8254596k(5172k free)

vm_info: Java HotSpot(TM) 64-Bit Server VM (25.141-b15) for windows-amd64 JRE (1.8.0_141-b15), built on Jul 12 2017 04:25:12 by "java_re" with MS VC++ 10.0 (VS2010)

time: Wed Mar 20 12:08:20 2019
elapsed time: 1 seconds (0d 0h 0m 1s)

